[debug] [2018-11-01T04:47:25.759Z] ----------------------------------------------------------------------
[debug] [2018-11-01T04:47:25.761Z] Command:       C:\Program Files\nodejs\node.exe C:\Users\korn\AppData\Roaming\npm\node_modules\firebase-tools\bin\firebase serve
[debug] [2018-11-01T04:47:25.762Z] CLI Version:   4.2.1
[debug] [2018-11-01T04:47:25.762Z] Platform:      win32
[debug] [2018-11-01T04:47:25.762Z] Node Version:  v10.9.0
[debug] [2018-11-01T04:47:25.763Z] Time:          Thu Nov 01 2018 11:47:25 GMT+0700 (GMT+07:00)
[debug] [2018-11-01T04:47:25.763Z] ----------------------------------------------------------------------
[debug] 
[debug] [2018-11-01T04:47:25.781Z] > command requires scopes: ["email","openid","https://www.googleapis.com/auth/cloudplatformprojects.readonly","https://www.googleapis.com/auth/firebase","https://www.googleapis.com/auth/cloud-platform"]
[debug] [2018-11-01T04:47:25.782Z] > authorizing via signed-in user
[debug] [2018-11-01T04:47:25.784Z] > refreshing access token with scopes: ["email","https://www.googleapis.com/auth/cloud-platform","https://www.googleapis.com/auth/cloudplatformprojects.readonly","https://www.googleapis.com/auth/firebase","openid"]
[debug] [2018-11-01T04:47:25.784Z] >>> HTTP REQUEST POST https://www.googleapis.com/oauth2/v3/token  

[debug] [2018-11-01T04:47:26.078Z] <<< HTTP RESPONSE 200
[debug] [2018-11-01T04:47:26.083Z] >>> HTTP REQUEST GET https://admin.firebase.com/v1/projects/showpee-22442  
 
[debug] [2018-11-01T04:47:28.440Z] <<< HTTP RESPONSE 200
[debug] [2018-11-01T04:47:28.441Z] >>> HTTP REQUEST GET https://cloudresourcemanager.googleapis.com/v1/projects/showpee-22442  
 
[debug] [2018-11-01T04:47:30.095Z] <<< HTTP RESPONSE 200
[info] 
[info] === Serving from 'D:\mobileApp\mobilequizz1'...
[info] 
[debug] [2018-11-01T04:47:30.098Z] >>> HTTP REQUEST GET https://mobilesdk-pa.googleapis.com/v1/projects/325935737512/clients/_:getWebAppConfig  
 
[debug] [2018-11-01T04:47:30.922Z] <<< HTTP RESPONSE 200
[info] i  hosting[showpee-22442]: Serving hosting files from: public
[info] +  hosting[showpee-22442]: Local server: http://localhost:5000
